<?xml version="1.0" encoding="UTF-8"?>
<!-- Generated by org.testng.reporters.JUnitReportReporter -->
<testsuite hostname="TechAnim" failures="0" tests="3" name="com.demoProject.TestClass1" time="43.298" errors="0" timestamp="29 Dec 2023 23:30:47 GMT" skipped="0">
  <testcase classname="com.demoProject.TestClass1" name="Test3" time="10.671"/>
  <testcase classname="com.demoProject.TestClass1" name="Test1" time="8.790"/>
  <testcase classname="com.demoProject.TestClass1" name="Test2" time="23.837"/>
</testsuite> <!-- com.demoProject.TestClass1 -->
