<?xml version="1.0" encoding="UTF-8"?>
<!-- Generated by org.testng.reporters.JUnitReportReporter -->
<testsuite hostname="TechAnim" failures="0" tests="3" name="com.demoProject.TestClass1" time="25.998" errors="0" timestamp="25 Dec 2023 07:38:43 GMT" skipped="0">
  <testcase classname="com.demoProject.TestClass1" name="Test1" time="11.148"/>
  <testcase classname="com.demoProject.TestClass1" name="Test3" time="5.440"/>
  <testcase classname="com.demoProject.TestClass1" name="Test2" time="9.410"/>
</testsuite> <!-- com.demoProject.TestClass1 -->
