<?xml version="1.0" encoding="UTF-8"?>
<!-- Generated by org.testng.reporters.JUnitReportReporter -->
<testsuite hostname="TechAnim" failures="0" tests="3" name="com.demoProject.TestClass1" time="24.553" errors="0" timestamp="03 Dec 2023 09:02:47 GMT" skipped="0">
  <testcase classname="com.demoProject.TestClass1" name="Test3" time="7.124"/>
  <testcase classname="com.demoProject.TestClass1" name="Test1" time="12.409"/>
  <testcase classname="com.demoProject.TestClass1" name="Test2" time="5.020"/>
</testsuite> <!-- com.demoProject.TestClass1 -->
